TN:
SF:/Users/jclements/Sites/gc-microapp-reporting/src/Dashboard/Dashboard.js
FN:7,(anonymous_0)
FNF:1
FNH:1
FNDA:1,(anonymous_0)
DA:7,1
DA:8,1
DA:17,1
LF:3
LH:3
BRF:0
BRH:0
end_of_record
TN:
SF:/Users/jclements/Sites/gc-microapp-reporting/src/Dashboard/Card/Card.js
FN:7,(anonymous_0)
FN:11,(anonymous_1)
FN:23,(anonymous_2)
FN:29,(anonymous_3)
FN:40,(anonymous_4)
FNF:5
FNH:5
FNDA:1,(anonymous_0)
FNDA:1,(anonymous_1)
FNDA:2,(anonymous_2)
FNDA:1,(anonymous_3)
FNDA:2,(anonymous_4)
DA:7,3
DA:8,1
DA:9,1
DA:12,1
DA:13,1
DA:15,0
DA:20,0
DA:23,3
DA:24,2
DA:29,3
DA:30,1
DA:40,3
DA:43,2
DA:45,2
DA:46,1
DA:53,1
DA:64,3
LF:17
LH:15
BRDA:8,0,0,1
BRDA:8,0,1,0
BRDA:12,1,0,1
BRDA:12,1,1,0
BRDA:31,2,0,1
BRDA:31,2,1,0
BRDA:45,3,0,1
BRDA:45,3,1,1
BRF:8
BRH:5
end_of_record
TN:
SF:/Users/jclements/Sites/gc-microapp-reporting/src/Dashboard/Cards/Cards.js
FN:63,(anonymous_0)
FN:65,(anonymous_1)
FNF:2
FNH:2
FNDA:1,(anonymous_0)
FNDA:4,(anonymous_1)
DA:8,2
DA:63,2
DA:64,1
DA:65,4
LF:4
LH:4
BRF:0
BRH:0
end_of_record
TN:
SF:/Users/jclements/Sites/gc-microapp-reporting/src/Dashboard/Header/Header.js
FN:6,(anonymous_0)
FNF:1
FNH:1
FNDA:1,(anonymous_0)
DA:6,2
DA:7,1
DA:23,2
LF:3
LH:3
BRF:0
BRH:0
end_of_record
TN:
SF:/Users/jclements/Sites/gc-microapp-reporting/src/Error/Error.js
FN:6,(anonymous_0)
FNF:1
FNH:1
FNDA:1,(anonymous_0)
DA:6,1
DA:7,1
DA:20,1
LF:3
LH:3
BRF:0
BRH:0
end_of_record
TN:
SF:/Users/jclements/Sites/gc-microapp-reporting/src/Feedback/Feedback.js
FN:8,(anonymous_0)
FN:89,(anonymous_1)
FNF:2
FNH:1
FNDA:1,(anonymous_0)
FNDA:0,(anonymous_1)
DA:8,1
DA:9,1
DA:15,1
DA:83,1
DA:89,0
LF:5
LH:4
BRF:0
BRH:0
end_of_record
TN:
SF:/Users/jclements/Sites/gc-microapp-reporting/src/Reservations/Reservations.js
FN:39,(anonymous_0)
FN:45,(anonymous_1)
FN:51,(anonymous_2)
FN:56,(anonymous_3)
FN:61,(anonymous_4)
FN:77,(anonymous_5)
FN:116,(anonymous_6)
FNF:7
FNH:3
FNDA:3,(anonymous_0)
FNDA:0,(anonymous_1)
FNDA:0,(anonymous_2)
FNDA:0,(anonymous_3)
FNDA:0,(anonymous_4)
FNDA:3,(anonymous_5)
FNDA:1,(anonymous_6)
DA:40,3
DA:41,3
DA:42,3
DA:46,0
DA:48,0
DA:53,0
DA:58,0
DA:63,0
DA:72,0
DA:78,3
DA:116,1
LF:11
LH:5
BRDA:95,0,0,3
BRDA:95,0,1,1
BRDA:107,1,0,3
BRDA:107,1,1,2
BRF:4
BRH:4
end_of_record
TN:
SF:/Users/jclements/Sites/gc-microapp-reporting/src/Reservations/ExportBtn/ExportBtn.js
FN:16,(anonymous_0)
FN:20,(anonymous_1)
FN:34,(anonymous_2)
FN:44,(anonymous_3)
FNF:4
FNH:2
FNDA:1,(anonymous_0)
FNDA:0,(anonymous_1)
FNDA:1,(anonymous_2)
FNDA:0,(anonymous_3)
DA:17,1
DA:18,1
DA:21,0
DA:35,1
DA:44,0
LF:5
LH:3
BRF:0
BRH:0
end_of_record
TN:
SF:/Users/jclements/Sites/gc-microapp-reporting/src/Reservations/Filters/Filters.js
FN:59,(anonymous_0)
FN:69,(anonymous_1)
FN:77,(anonymous_2)
FN:79,(anonymous_3)
FN:94,(anonymous_4)
FN:99,(anonymous_5)
FN:109,(anonymous_6)
FN:113,(anonymous_7)
FN:130,(anonymous_8)
FN:141,(anonymous_9)
FN:160,(anonymous_10)
FN:172,(anonymous_11)
FN:182,(anonymous_12)
FN:209,(anonymous_13)
FN:213,(anonymous_14)
FN:224,(anonymous_15)
FNF:16
FNH:5
FNDA:1,(anonymous_0)
FNDA:0,(anonymous_1)
FNDA:1,(anonymous_2)
FNDA:0,(anonymous_3)
FNDA:0,(anonymous_4)
FNDA:0,(anonymous_5)
FNDA:0,(anonymous_6)
FNDA:0,(anonymous_7)
FNDA:0,(anonymous_8)
FNDA:0,(anonymous_9)
FNDA:3,(anonymous_10)
FNDA:0,(anonymous_11)
FNDA:0,(anonymous_12)
FNDA:1,(anonymous_13)
FNDA:3,(anonymous_14)
FNDA:0,(anonymous_15)
DA:60,1
DA:61,1
DA:62,1
DA:63,1
DA:64,1
DA:65,1
DA:70,0
DA:79,1
DA:81,0
DA:82,0
DA:84,0
DA:87,0
DA:88,0
DA:95,0
DA:101,0
DA:102,0
DA:104,0
DA:105,0
DA:110,0
DA:112,0
DA:113,0
DA:114,0
DA:115,0
DA:117,0
DA:121,0
DA:124,0
DA:125,0
DA:130,0
DA:131,0
DA:132,0
DA:134,0
DA:137,0
DA:138,0
DA:139,0
DA:140,0
DA:141,0
DA:142,0
DA:146,0
DA:152,0
DA:155,0
DA:161,3
DA:162,3
DA:163,0
DA:169,3
DA:172,3
DA:179,3
DA:182,0
DA:210,1
DA:213,3
DA:224,0
LF:50
LH:14
BRDA:81,0,0,0
BRDA:81,0,1,0
BRDA:81,1,0,0
BRDA:81,1,1,0
BRDA:87,2,0,0
BRDA:87,2,1,0
BRDA:101,3,0,0
BRDA:101,3,1,0
BRDA:109,4,0,0
BRDA:110,5,0,0
BRDA:110,5,1,0
BRDA:110,5,2,0
BRDA:110,5,3,0
BRDA:114,6,0,0
BRDA:114,6,1,0
BRDA:137,7,0,0
BRDA:137,7,1,0
BRDA:137,8,0,0
BRDA:137,8,1,0
BRDA:162,9,0,0
BRDA:162,9,1,3
BRDA:186,10,0,3
BRDA:186,10,1,0
BRDA:196,11,0,3
BRDA:196,11,1,0
BRF:25
BRH:3
end_of_record
TN:
SF:/Users/jclements/Sites/gc-microapp-reporting/src/Reservations/Filters/HeaderNotification.js
FN:12,(anonymous_0)
FN:29,(anonymous_1)
FNF:2
FNH:1
FNDA:1,(anonymous_0)
FNDA:0,(anonymous_1)
DA:13,1
DA:14,1
DA:15,1
DA:18,1
DA:29,0
LF:5
LH:4
BRDA:14,0,0,1
BRDA:14,0,1,0
BRF:2
BRH:1
end_of_record
TN:
SF:/Users/jclements/Sites/gc-microapp-reporting/src/Reservations/NoData/NoData.js
FN:7,(anonymous_0)
FN:8,getPanel
FNF:2
FNH:0
FNDA:0,(anonymous_0)
FNDA:0,getPanel
DA:7,1
DA:9,0
DA:10,0
DA:19,0
DA:28,0
DA:31,1
LF:6
LH:2
BRDA:9,0,0,0
BRDA:9,0,1,0
BRF:2
BRH:0
end_of_record
TN:
SF:/Users/jclements/Sites/gc-microapp-reporting/src/Reservations/PrintBtn/PrintBtn.js
FN:5,(anonymous_0)
FN:6,(anonymous_1)
FNF:2
FNH:0
FNDA:0,(anonymous_0)
FNDA:0,(anonymous_1)
DA:5,2
DA:6,0
DA:7,0
DA:9,0
DA:17,2
LF:5
LH:2
BRF:0
BRH:0
end_of_record
TN:
SF:/Users/jclements/Sites/gc-microapp-reporting/src/Reservations/PrintReservations/PrintReservations.js
FN:26,(anonymous_0)
FN:37,(anonymous_1)
FN:49,(anonymous_2)
FN:50,(anonymous_3)
FN:62,(anonymous_4)
FN:63,(anonymous_5)
FN:75,(anonymous_6)
FN:109,(anonymous_7)
FNF:8
FNH:0
FNDA:0,(anonymous_0)
FNDA:0,(anonymous_1)
FNDA:0,(anonymous_2)
FNDA:0,(anonymous_3)
FNDA:0,(anonymous_4)
FNDA:0,(anonymous_5)
FNDA:0,(anonymous_6)
FNDA:0,(anonymous_7)
DA:27,0
DA:46,0
DA:48,0
DA:49,0
DA:51,0
DA:52,0
DA:53,0
DA:55,0
DA:62,0
DA:63,0
DA:64,0
DA:65,0
DA:67,0
DA:69,0
DA:72,0
DA:73,0
DA:74,0
DA:75,0
DA:77,0
DA:110,0
DA:111,0
LF:21
LH:0
BRDA:52,0,0,0
BRDA:52,0,1,0
BRDA:64,1,0,0
BRDA:64,1,1,0
BRDA:74,2,0,0
BRDA:74,2,1,0
BRF:6
BRH:0
end_of_record
TN:
SF:/Users/jclements/Sites/gc-microapp-reporting/src/Reservations/ReservationTable/ReservationTable.js
FN:35,(anonymous_0)
FN:42,(anonymous_1)
FN:46,(anonymous_2)
FN:48,(anonymous_3)
FN:57,(anonymous_4)
FN:65,(anonymous_5)
FN:67,(anonymous_6)
FN:68,(anonymous_7)
FN:114,(anonymous_8)
FN:115,(anonymous_9)
FN:122,(anonymous_10)
FNF:11
FNH:2
FNDA:1,(anonymous_0)
FNDA:0,(anonymous_1)
FNDA:0,(anonymous_2)
FNDA:0,(anonymous_3)
FNDA:0,(anonymous_4)
FNDA:1,(anonymous_5)
FNDA:0,(anonymous_6)
FNDA:0,(anonymous_7)
FNDA:0,(anonymous_8)
FNDA:0,(anonymous_9)
FNDA:0,(anonymous_10)
DA:36,1
DA:37,1
DA:38,1
DA:39,1
DA:47,0
DA:48,0
DA:49,0
DA:58,0
DA:66,1
DA:67,0
DA:69,0
DA:70,0
DA:71,0
DA:73,0
DA:85,1
DA:87,1
DA:114,0
DA:115,0
DA:123,0
DA:124,0
LF:20
LH:7
BRDA:70,0,0,0
BRDA:70,0,1,0
BRF:2
BRH:0
end_of_record
TN:
SF:/Users/jclements/Sites/gc-microapp-reporting/src/Reservations/Search/Search.js
FN:33,(anonymous_0)
FN:43,(anonymous_1)
FN:54,(anonymous_2)
FN:58,(anonymous_3)
FN:65,(anonymous_4)
FN:70,(anonymous_5)
FN:77,(anonymous_6)
FN:83,(anonymous_7)
FN:100,(anonymous_8)
FN:101,(anonymous_9)
FN:123,(anonymous_10)
FNF:11
FNH:2
FNDA:1,(anonymous_0)
FNDA:0,(anonymous_1)
FNDA:0,(anonymous_2)
FNDA:0,(anonymous_3)
FNDA:0,(anonymous_4)
FNDA:0,(anonymous_5)
FNDA:0,(anonymous_6)
FNDA:1,(anonymous_7)
FNDA:0,(anonymous_8)
FNDA:0,(anonymous_9)
FNDA:0,(anonymous_10)
DA:34,1
DA:35,1
DA:39,1
DA:40,1
DA:41,1
DA:42,1
DA:43,1
DA:44,0
DA:49,0
DA:50,0
DA:55,0
DA:59,0
DA:60,0
DA:61,0
DA:62,0
DA:66,0
DA:67,0
DA:71,0
DA:74,0
DA:78,0
DA:79,0
DA:80,0
DA:84,1
DA:100,0
DA:101,0
DA:123,0
LF:26
LH:8
BRDA:70,0,0,0
BRDA:95,1,0,0
BRDA:95,1,1,1
BRF:3
BRH:1
end_of_record
TN:
SF:/Users/jclements/Sites/gc-microapp-reporting/src/Reservations/Visualisations/Visualisations.js
FN:33,(anonymous_0)
FN:37,(anonymous_1)
FN:44,(anonymous_2)
FN:48,(anonymous_3)
FN:51,(anonymous_4)
FN:59,(anonymous_5)
FN:64,(anonymous_6)
FN:144,(anonymous_7)
FNF:8
FNH:7
FNDA:1,(anonymous_0)
FNDA:3,(anonymous_1)
FNDA:12,(anonymous_2)
FNDA:9,(anonymous_3)
FNDA:12,(anonymous_4)
FNDA:9,(anonymous_5)
FNDA:1,(anonymous_6)
FNDA:0,(anonymous_7)
DA:34,1
DA:38,3
DA:43,3
DA:44,12
DA:48,9
DA:50,3
DA:51,12
DA:59,9
DA:61,3
DA:65,1
DA:73,1
DA:79,1
DA:88,1
DA:90,1
DA:91,1
DA:92,1
DA:93,1
DA:95,1
DA:144,0
LF:19
LH:18
BRDA:34,0,0,1
BRDA:34,0,1,0
BRDA:46,1,0,12
BRDA:46,1,1,11
BRDA:52,2,0,12
BRDA:52,2,1,11
BRDA:53,3,0,12
BRDA:53,3,1,11
BRF:8
BRH:7
end_of_record
TN:
SF:/Users/jclements/Sites/gc-microapp-reporting/src/Reservations/Visualisations/BarStackChart/BarStackChart.js
FN:9,(anonymous_0)
FN:23,(anonymous_1)
FN:27,(anonymous_2)
FN:31,(anonymous_3)
FN:49,(anonymous_4)
FNF:5
FNH:3
FNDA:1,(anonymous_0)
FNDA:0,(anonymous_1)
FNDA:0,(anonymous_2)
FNDA:1,(anonymous_3)
FNDA:1,(anonymous_4)
DA:9,3
DA:16,1
DA:18,1
DA:23,0
DA:27,0
DA:31,1
DA:32,1
DA:50,1
DA:70,1
DA:78,3
LF:10
LH:8
BRF:0
BRH:0
end_of_record
TN:
SF:/Users/jclements/Sites/gc-microapp-reporting/src/Reservations/Visualisations/ContainerChart/ContainerChart.js
FN:8,(anonymous_0)
FNF:1
FNH:1
FNDA:1,(anonymous_0)
DA:8,5
DA:15,1
DA:17,1
DA:39,5
LF:4
LH:4
BRDA:21,0,0,1
BRDA:21,0,1,1
BRDA:34,1,0,1
BRDA:34,1,1,1
BRDA:34,1,2,0
BRF:5
BRH:4
end_of_record
TN:
SF:/Users/jclements/Sites/gc-microapp-reporting/src/Reservations/Visualisations/HitCount/HitCount.js
FN:18,(anonymous_0)
FN:27,(anonymous_1)
FN:46,(anonymous_2)
FN:54,(anonymous_3)
FN:81,(anonymous_4)
FNF:5
FNH:2
FNDA:1,(anonymous_0)
FNDA:0,(anonymous_1)
FNDA:0,(anonymous_2)
FNDA:1,(anonymous_3)
FNDA:0,(anonymous_4)
DA:19,1
DA:20,1
DA:32,0
DA:34,0
DA:35,0
DA:39,0
DA:47,0
DA:51,0
DA:57,1
DA:59,1
DA:81,0
LF:11
LH:4
BRDA:34,0,0,0
BRDA:34,0,1,0
BRF:2
BRH:0
end_of_record
TN:
SF:/Users/jclements/Sites/gc-microapp-reporting/src/Reservations/Visualisations/LegendChart/LegendChart.js
FN:5,(anonymous_0)
FNF:1
FNH:1
FNDA:1,(anonymous_0)
DA:5,5
DA:6,1
DA:18,5
DA:26,5
LF:4
LH:4
BRF:0
BRH:0
end_of_record
TN:
SF:/Users/jclements/Sites/gc-microapp-reporting/src/Reservations/Visualisations/PieChart/PieChart.js
FN:9,(anonymous_0)
FN:22,(anonymous_1)
FN:26,(anonymous_2)
FN:30,(anonymous_3)
FN:42,(anonymous_4)
FN:44,(anonymous_5)
FN:52,(anonymous_6)
FNF:7
FNH:2
FNDA:1,(anonymous_0)
FNDA:0,(anonymous_1)
FNDA:0,(anonymous_2)
FNDA:1,(anonymous_3)
FNDA:0,(anonymous_4)
FNDA:0,(anonymous_5)
FNDA:0,(anonymous_6)
DA:9,3
DA:15,1
DA:17,1
DA:22,0
DA:26,0
DA:30,1
DA:31,1
DA:42,0
DA:44,0
DA:52,0
DA:63,1
DA:66,3
LF:12
LH:7
BRF:0
BRH:0
end_of_record
TN:
SF:/Users/jclements/Sites/gc-microapp-reporting/src/Subscriptions/Subscriptions.js
FN:24,(anonymous_0)
FN:28,(anonymous_1)
FN:62,(anonymous_2)
FNF:3
FNH:1
FNDA:0,(anonymous_0)
FNDA:1,(anonymous_1)
FNDA:0,(anonymous_2)
DA:25,0
DA:29,1
DA:30,1
DA:32,1
DA:62,0
LF:5
LH:3
BRF:0
BRH:0
end_of_record
TN:
SF:/Users/jclements/Sites/gc-microapp-reporting/src/Subscriptions/SubscriptionsOption/SubscriptionsOption.js
FN:8,(anonymous_0)
FN:21,(anonymous_1)
FN:43,(anonymous_2)
FNF:3
FNH:1
FNDA:1,(anonymous_0)
FNDA:0,(anonymous_1)
FNDA:0,(anonymous_2)
DA:8,3
DA:13,1
DA:14,1
DA:15,1
DA:21,1
DA:22,0
DA:25,1
DA:43,0
DA:64,3
LF:9
LH:7
BRDA:35,0,0,1
BRDA:35,0,1,0
BRF:2
BRH:1
end_of_record
TN:
SF:/Users/jclements/Sites/gc-microapp-reporting/src/Subscriptions/SubscriptionsOptions/SubscriptionsOptions.js
FN:5,(anonymous_0)
FN:15,(anonymous_1)
FNF:2
FNH:1
FNDA:1,(anonymous_0)
FNDA:0,(anonymous_1)
DA:5,2
DA:10,1
DA:12,1
DA:16,0
DA:28,2
LF:5
LH:4
BRF:0
BRH:0
end_of_record
TN:
SF:/Users/jclements/Sites/gc-microapp-reporting/src/common/App/App.js
FN:1,(anonymous_0)
FN:1,defineProperties
FN:1,(anonymous_2)
FN:23,_classCallCheck
FN:23,_possibleConstructorReturn
FN:23,_inherits
FN:34,(anonymous_6)
FN:34,App
FN:34,componentDidMount
FN:38,render
FN:60,mapStateToProps
FN:72,mapDispatchToProps
FNF:12
FNH:0
FNDA:0,(anonymous_0)
FNDA:0,defineProperties
FNDA:0,(anonymous_2)
FNDA:0,_classCallCheck
FNDA:0,_possibleConstructorReturn
FNDA:0,_inherits
FNDA:0,(anonymous_6)
FNDA:0,App
FNDA:0,componentDidMount
FNDA:0,render
FNDA:0,mapStateToProps
FNDA:0,mapDispatchToProps
DA:1,0
DA:23,0
DA:34,0
DA:36,0
DA:37,0
DA:41,0
DA:57,0
DA:61,0
DA:73,0
LF:9
LH:0
BRDA:1,0,0,0
BRDA:1,0,1,0
BRDA:1,1,0,0
BRDA:1,1,1,0
BRDA:1,2,0,0
BRDA:1,2,1,0
BRDA:1,3,0,0
BRDA:1,3,1,0
BRDA:23,4,0,0
BRDA:23,4,1,0
BRDA:23,5,0,0
BRDA:23,5,1,0
BRDA:23,6,0,0
BRDA:23,6,1,0
BRDA:23,7,0,0
BRDA:23,7,1,0
BRDA:23,7,2,0
BRDA:23,8,0,0
BRDA:23,8,1,0
BRDA:23,9,0,0
BRDA:23,9,1,0
BRDA:23,10,0,0
BRDA:23,10,1,0
BRDA:23,11,0,0
BRDA:23,11,1,0
BRDA:23,12,0,0
BRDA:23,12,1,0
BRDA:34,13,0,0
BRDA:34,13,1,0
BRF:29
BRH:0
end_of_record
TN:
SF:/Users/jclements/Sites/gc-microapp-reporting/src/common/CheckboxList/CheckboxList.js
FN:17,(anonymous_0)
FN:20,(anonymous_1)
FN:25,(anonymous_2)
FN:29,(anonymous_3)
FN:35,(anonymous_4)
FN:44,(anonymous_5)
FNF:6
FNH:1
FNDA:0,(anonymous_0)
FNDA:1,(anonymous_1)
FNDA:0,(anonymous_2)
FNDA:0,(anonymous_3)
FNDA:0,(anonymous_4)
FNDA:0,(anonymous_5)
DA:18,0
DA:21,1
DA:25,0
DA:30,0
DA:36,0
DA:44,0
LF:6
LH:1
BRF:0
BRH:0
end_of_record
TN:
SF:/Users/jclements/Sites/gc-microapp-reporting/src/common/DateList/DateList.js
FN:15,(anonymous_0)
FN:18,(anonymous_1)
FN:21,(anonymous_2)
FN:26,(anonymous_3)
FNF:4
FNH:1
FNDA:0,(anonymous_0)
FNDA:1,(anonymous_1)
FNDA:0,(anonymous_2)
FNDA:0,(anonymous_3)
DA:16,0
DA:19,1
DA:22,0
DA:26,0
LF:4
LH:1
BRDA:23,0,0,0
BRDA:23,0,1,0
BRDA:25,1,0,0
BRDA:25,1,1,0
BRDA:31,2,0,0
BRDA:31,2,1,0
BRDA:31,2,2,0
BRF:7
BRH:0
end_of_record
TN:
SF:/Users/jclements/Sites/gc-microapp-reporting/src/common/DateRangeSelector/DateRangeSelector.js
FN:31,(anonymous_0)
FN:38,(anonymous_1)
FN:49,(anonymous_2)
FN:52,(anonymous_3)
FN:59,(anonymous_4)
FN:69,(anonymous_5)
FNF:6
FNH:0
FNDA:0,(anonymous_0)
FNDA:0,(anonymous_1)
FNDA:0,(anonymous_2)
FNDA:0,(anonymous_3)
FNDA:0,(anonymous_4)
FNDA:0,(anonymous_5)
DA:32,0
DA:33,0
DA:34,0
DA:38,0
DA:50,0
DA:51,0
DA:52,0
DA:53,0
DA:60,0
DA:61,0
DA:69,0
LF:11
LH:0
BRDA:50,0,0,0
BRDA:50,0,1,0
BRDA:60,1,0,0
BRDA:60,1,1,0
BRF:4
BRH:0
end_of_record
TN:
SF:/Users/jclements/Sites/gc-microapp-reporting/src/common/Icons/ChartIcon.js
FN:4,(anonymous_0)
FNF:1
FNH:0
FNDA:0,(anonymous_0)
DA:4,5
DA:5,0
DA:14,5
DA:20,5
LF:4
LH:3
BRF:0
BRH:0
end_of_record
TN:
SF:/Users/jclements/Sites/gc-microapp-reporting/src/common/Icons/HostStandIcon.js
FN:4,(anonymous_0)
FNF:1
FNH:0
FNDA:0,(anonymous_0)
DA:4,5
DA:5,0
DA:20,5
DA:26,5
LF:4
LH:3
BRF:0
BRH:0
end_of_record
TN:
SF:/Users/jclements/Sites/gc-microapp-reporting/src/common/Icons/LogoIcon.js
FN:4,(anonymous_0)
FNF:1
FNH:0
FNDA:0,(anonymous_0)
DA:4,5
DA:5,0
DA:14,5
DA:20,5
LF:4
LH:3
BRF:0
BRH:0
end_of_record
TN:
SF:/Users/jclements/Sites/gc-microapp-reporting/src/common/Icons/MailIcon.js
FN:4,(anonymous_0)
FNF:1
FNH:0
FNDA:0,(anonymous_0)
DA:4,5
DA:5,0
DA:14,5
DA:20,5
LF:4
LH:3
BRF:0
BRH:0
end_of_record
TN:
SF:/Users/jclements/Sites/gc-microapp-reporting/src/common/Icons/MonitorIcon.js
FN:4,(anonymous_0)
FNF:1
FNH:0
FNDA:0,(anonymous_0)
DA:4,6
DA:5,0
DA:19,6
DA:25,6
LF:4
LH:3
BRF:0
BRH:0
end_of_record
TN:
SF:/Users/jclements/Sites/gc-microapp-reporting/src/common/Icons/ReportIcon.js
FN:4,(anonymous_0)
FNF:1
FNH:0
FNDA:0,(anonymous_0)
DA:4,5
DA:5,0
DA:17,5
DA:23,5
LF:4
LH:3
BRF:0
BRH:0
end_of_record
TN:
SF:/Users/jclements/Sites/gc-microapp-reporting/src/common/Icons/SpeechBubbleIcon.js
FN:4,(anonymous_0)
FNF:1
FNH:0
FNDA:0,(anonymous_0)
DA:4,5
DA:5,0
DA:19,5
DA:25,5
LF:4
LH:3
BRF:0
BRH:0
end_of_record
TN:
SF:/Users/jclements/Sites/gc-microapp-reporting/src/common/Icons/index.js
FNF:0
FNH:0
LF:0
LH:0
BRF:0
BRH:0
end_of_record
TN:
SF:/Users/jclements/Sites/gc-microapp-reporting/src/common/LanguageProvider/LanguageProvider.js
FN:1,(anonymous_0)
FN:1,defineProperties
FN:1,(anonymous_2)
FN:11,_classCallCheck
FN:11,_possibleConstructorReturn
FN:11,_inherits
FN:18,(anonymous_6)
FN:18,LanguageProvider
FN:18,render
FN:31,mapStateToProps
FN:37,mapDispatchToProps
FNF:11
FNH:0
FNDA:0,(anonymous_0)
FNDA:0,defineProperties
FNDA:0,(anonymous_2)
FNDA:0,_classCallCheck
FNDA:0,_possibleConstructorReturn
FNDA:0,_inherits
FNDA:0,(anonymous_6)
FNDA:0,LanguageProvider
FNDA:0,render
FNDA:0,mapStateToProps
FNDA:0,mapDispatchToProps
DA:1,0
DA:11,0
DA:18,0
DA:21,0
DA:24,0
DA:32,0
DA:38,0
LF:7
LH:0
BRDA:1,0,0,0
BRDA:1,0,1,0
BRDA:1,1,0,0
BRDA:1,1,1,0
BRDA:1,2,0,0
BRDA:1,2,1,0
BRDA:1,3,0,0
BRDA:1,3,1,0
BRDA:11,4,0,0
BRDA:11,4,1,0
BRDA:11,5,0,0
BRDA:11,5,1,0
BRDA:11,6,0,0
BRDA:11,6,1,0
BRDA:11,7,0,0
BRDA:11,7,1,0
BRDA:11,7,2,0
BRDA:11,8,0,0
BRDA:11,8,1,0
BRDA:11,9,0,0
BRDA:11,9,1,0
BRDA:11,10,0,0
BRDA:11,10,1,0
BRDA:11,11,0,0
BRDA:11,11,1,0
BRDA:11,12,0,0
BRDA:11,12,1,0
BRDA:18,13,0,0
BRDA:18,13,1,0
BRF:29
BRH:0
end_of_record
TN:
SF:/Users/jclements/Sites/gc-microapp-reporting/src/common/Loader/Loader.js
FN:6,(anonymous_0)
FNF:1
FNH:0
FNDA:0,(anonymous_0)
DA:6,9
DA:7,0
DA:18,9
LF:3
LH:2
BRF:0
BRH:0
end_of_record
TN:
SF:/Users/jclements/Sites/gc-microapp-reporting/src/common/MainNav/MainNav.js
FN:8,ReviewsNav
FNF:1
FNH:0
FNDA:0,ReviewsNav
DA:1,0
DA:9,0
LF:2
LH:0
BRF:0
BRH:0
end_of_record
TN:
SF:/Users/jclements/Sites/gc-microapp-reporting/src/common/Notification/Notification.js
FN:16,(anonymous_0)
FN:25,(anonymous_1)
FN:30,(anonymous_2)
FN:33,(anonymous_3)
FN:37,(anonymous_4)
FN:46,(anonymous_5)
FN:72,(anonymous_6)
FN:85,(anonymous_7)
FNF:8
FNH:6
FNDA:4,(anonymous_0)
FNDA:3,(anonymous_1)
FNDA:0,(anonymous_2)
FNDA:1,(anonymous_3)
FNDA:4,(anonymous_4)
FNDA:7,(anonymous_5)
FNDA:7,(anonymous_6)
FNDA:0,(anonymous_7)
DA:17,4
DA:18,4
DA:22,4
DA:26,3
DA:30,3
DA:34,1
DA:38,4
DA:39,4
DA:40,0
DA:41,0
DA:42,4
DA:47,7
DA:73,7
DA:85,0
LF:14
LH:11
BRDA:38,0,0,0
BRDA:38,0,1,4
BRDA:39,1,0,0
BRDA:39,1,1,0
BRDA:39,1,2,4
BRDA:79,2,0,7
BRDA:79,2,1,7
BRF:7
BRH:4
end_of_record
TN:
SF:/Users/jclements/Sites/gc-microapp-reporting/src/common/Print/Print.js
FN:7,(anonymous_0)
FN:13,(anonymous_1)
FNF:2
FNH:2
FNDA:2,(anonymous_0)
FNDA:2,(anonymous_1)
DA:7,2
DA:11,2
DA:13,2
DA:14,2
DA:15,1
DA:26,1
DA:39,2
DA:42,2
LF:8
LH:8
BRDA:14,0,0,1
BRDA:14,0,1,1
BRF:2
BRH:2
end_of_record
TN:
SF:/Users/jclements/Sites/gc-microapp-reporting/src/common/Print/PrintContent.js
FN:21,(anonymous_0)
FN:26,(anonymous_1)
FN:30,(anonymous_2)
FN:34,(anonymous_3)
FN:42,(anonymous_4)
FN:45,(anonymous_5)
FN:54,(anonymous_6)
FN:59,(anonymous_7)
FN:73,(anonymous_8)
FN:89,(anonymous_9)
FN:91,(anonymous_10)
FN:131,(anonymous_11)
FNF:12
FNH:8
FNDA:2,(anonymous_0)
FNDA:0,(anonymous_1)
FNDA:0,(anonymous_2)
FNDA:2,(anonymous_3)
FNDA:2,(anonymous_4)
FNDA:2,(anonymous_5)
FNDA:2,(anonymous_6)
FNDA:0,(anonymous_7)
FNDA:2,(anonymous_8)
FNDA:1,(anonymous_9)
FNDA:2,(anonymous_10)
FNDA:0,(anonymous_11)
DA:22,2
DA:23,2
DA:27,0
DA:31,0
DA:40,2
DA:42,2
DA:43,2
DA:46,2
DA:54,2
DA:55,2
DA:59,0
DA:73,2
DA:74,2
DA:75,1
DA:87,1
DA:90,1
DA:92,2
DA:102,2
DA:131,0
LF:19
LH:15
BRDA:74,0,0,1
BRDA:74,0,1,1
BRF:2
BRH:2
end_of_record
TN:
SF:/Users/jclements/Sites/gc-microapp-reporting/src/common/SortableTable/SortableTable.js
FN:10,(anonymous_0)
FNF:1
FNH:1
FNDA:1,(anonymous_0)
DA:10,3
DA:11,1
DA:31,3
LF:3
LH:3
BRF:0
BRH:0
end_of_record
TN:
SF:/Users/jclements/Sites/gc-microapp-reporting/src/common/SortableTable/LoadingComponent/LoadingComponent.js
FN:7,(anonymous_0)
FNF:1
FNH:1
FNDA:1,(anonymous_0)
DA:7,4
DA:8,1
DA:9,1
DA:21,4
LF:4
LH:4
BRF:0
BRH:0
end_of_record
TN:
SF:/Users/jclements/Sites/gc-microapp-reporting/src/common/SortableTable/PaginationComponent/PaginationComponent.js
FN:17,(anonymous_0)
FN:35,(anonymous_1)
FN:43,(anonymous_2)
FN:52,(anonymous_3)
FN:59,(anonymous_4)
FN:66,(anonymous_5)
FN:71,(anonymous_6)
FN:89,(anonymous_7)
FN:94,(anonymous_8)
FN:117,(anonymous_9)
FN:125,(anonymous_10)
FN:135,(anonymous_11)
FN:145,(anonymous_12)
FN:146,(anonymous_13)
FNF:14
FNH:6
FNDA:1,(anonymous_0)
FNDA:0,(anonymous_1)
FNDA:0,(anonymous_2)
FNDA:1,(anonymous_3)
FNDA:1,(anonymous_4)
FNDA:1,(anonymous_5)
FNDA:0,(anonymous_6)
FNDA:1,(anonymous_7)
FNDA:0,(anonymous_8)
FNDA:0,(anonymous_9)
FNDA:0,(anonymous_10)
FNDA:1,(anonymous_11)
FNDA:0,(anonymous_12)
FNDA:0,(anonymous_13)
DA:18,1
DA:20,1
DA:21,1
DA:22,1
DA:23,1
DA:24,1
DA:25,1
DA:28,1
DA:35,1
DA:36,0
DA:37,0
DA:44,0
DA:53,1
DA:54,0
DA:56,1
DA:60,1
DA:61,0
DA:63,1
DA:67,1
DA:68,1
DA:72,0
DA:73,0
DA:90,1
DA:91,1
DA:95,0
DA:96,0
DA:118,0
DA:122,0
DA:126,0
DA:127,0
DA:128,0
DA:136,1
DA:137,1
DA:138,1
DA:145,0
DA:146,0
DA:159,0
LF:37
LH:20
BRDA:36,0,0,0
BRDA:36,0,1,0
BRDA:36,1,0,0
BRDA:36,1,1,0
BRDA:53,2,0,0
BRDA:53,2,1,1
BRDA:60,3,0,0
BRDA:60,3,1,1
BRDA:67,4,0,0
BRDA:67,4,1,1
BRDA:72,5,0,0
BRDA:72,5,1,0
BRDA:80,6,0,0
BRDA:80,6,1,1
BRDA:90,7,0,1
BRDA:90,7,1,0
BRDA:95,8,0,0
BRDA:95,8,1,0
BRDA:126,9,0,0
BRDA:126,9,1,0
BRDA:136,10,0,1
BRDA:136,10,1,1
BRDA:137,11,0,1
BRDA:137,11,1,0
BRF:24
BRH:8
end_of_record
TN:
SF:/Users/jclements/Sites/gc-microapp-reporting/src/common/SortableTable/TdComponent/TdComponent.js
FN:10,(anonymous_0)
FN:19,(anonymous_1)
FN:24,(anonymous_2)
FN:28,(anonymous_3)
FN:32,(anonymous_4)
FN:36,(anonymous_5)
FN:40,(anonymous_6)
FN:48,(anonymous_7)
FN:51,(anonymous_8)
FNF:9
FNH:0
FNDA:0,(anonymous_0)
FNDA:0,(anonymous_1)
FNDA:0,(anonymous_2)
FNDA:0,(anonymous_3)
FNDA:0,(anonymous_4)
FNDA:0,(anonymous_5)
FNDA:0,(anonymous_6)
FNDA:0,(anonymous_7)
FNDA:0,(anonymous_8)
DA:11,0
DA:12,0
DA:13,0
DA:14,0
DA:20,0
DA:21,0
DA:25,0
DA:29,0
DA:33,0
DA:37,0
DA:41,0
DA:42,0
DA:43,0
DA:44,0
DA:49,0
DA:52,0
DA:55,0
DA:56,0
DA:58,0
LF:19
LH:0
BRDA:43,0,0,0
BRDA:43,0,1,0
BRDA:50,1,0,0
BRDA:50,1,1,0
BRDA:55,2,0,0
BRDA:55,2,1,0
BRF:6
BRH:0
end_of_record
TN:
SF:/Users/jclements/Sites/gc-microapp-reporting/src/common/SortableTable/ThComponent/ThComponent.js
FN:4,(anonymous_0)
FN:7,(anonymous_1)
FNF:2
FNH:1
FNDA:1,(anonymous_0)
FNDA:0,(anonymous_1)
DA:4,4
DA:5,1
DA:7,1
DA:8,0
DA:9,0
DA:11,0
DA:12,0
DA:13,0
DA:14,0
DA:16,0
DA:19,1
DA:20,0
DA:31,1
DA:41,4
LF:14
LH:6
BRDA:11,0,0,0
BRDA:11,0,1,0
BRDA:11,1,0,0
BRDA:11,1,1,0
BRDA:13,2,0,0
BRDA:13,2,1,0
BRDA:13,3,0,0
BRDA:13,3,1,0
BRDA:19,4,0,0
BRDA:19,4,1,1
BRDA:19,5,0,1
BRDA:19,5,1,0
BRF:12
BRH:2
end_of_record
TN:
SF:/Users/jclements/Sites/gc-microapp-reporting/src/common/SortableTable/UpDownArrow/UpDownArrow.js
FN:5,(anonymous_0)
FNF:1
FNH:0
FNDA:0,(anonymous_0)
DA:5,4
DA:6,0
DA:11,0
DA:16,0
DA:17,0
DA:18,0
DA:19,0
DA:22,0
DA:23,0
DA:24,0
DA:25,0
DA:28,0
DA:40,4
DA:44,4
LF:14
LH:3
BRDA:16,0,0,0
BRDA:16,0,1,0
BRDA:22,1,0,0
BRDA:22,1,1,0
BRF:4
BRH:0
end_of_record
TN:
SF:/Users/jclements/Sites/gc-microapp-reporting/src/store/ducks/columns.js
FN:11,(anonymous_0)
FN:27,(anonymous_1)
FN:27,(anonymous_2)
FN:53,(anonymous_3)
FN:76,(anonymous_4)
FN:76,(anonymous_5)
FN:120,reducer
FN:123,(anonymous_7)
FN:123,(anonymous_8)
FN:124,(anonymous_9)
FNF:10
FNH:10
FNDA:2,(anonymous_0)
FNDA:1,(anonymous_1)
FNDA:1,(anonymous_2)
FNDA:3,(anonymous_3)
FNDA:1,(anonymous_4)
FNDA:1,(anonymous_5)
FNDA:3,reducer
FNDA:1,(anonymous_7)
FNDA:3,(anonymous_8)
FNDA:5,(anonymous_9)
DA:6,3
DA:11,3
DA:23,3
DA:27,1
DA:28,1
DA:29,1
DA:30,1
DA:54,3
DA:55,1
DA:57,2
DA:76,1
DA:77,1
DA:78,1
DA:79,1
DA:121,3
DA:123,1
DA:124,5
DA:125,2
DA:127,1
DA:131,2
LF:20
LH:20
BRDA:11,0,0,1
BRDA:54,1,0,1
BRDA:54,1,1,2
BRDA:54,2,0,3
BRDA:54,2,1,2
BRDA:120,3,0,1
BRDA:121,4,0,1
BRDA:121,4,1,2
BRDA:124,5,0,2
BRDA:124,5,1,1
BRF:10
BRH:10
end_of_record
TN:
SF:/Users/jclements/Sites/gc-microapp-reporting/src/store/ducks/currentContext.js
FN:58,fetchCurrentContext
FN:58,fetchCurrentContextSuccess
FN:58,fetchCurrentContextError
FN:62,reducer
FN:79,currentContextEpic
FNF:5
FNH:0
FNDA:0,fetchCurrentContext
FNDA:0,fetchCurrentContextSuccess
FNDA:0,fetchCurrentContextError
FNDA:0,reducer
FNDA:0,currentContextEpic
DA:1,0
DA:56,0
DA:58,0
DA:60,0
DA:62,0
DA:68,0
DA:72,0
DA:79,0
LF:8
LH:0
BRDA:62,0,0,0
BRDA:62,0,1,0
BRDA:62,0,2,0
BRDA:62,0,3,0
BRF:4
BRH:0
end_of_record
TN:
SF:/Users/jclements/Sites/gc-microapp-reporting/src/store/ducks/filters.js
FN:26,(anonymous_0)
FN:37,(anonymous_1)
FN:48,(anonymous_2)
FN:53,(anonymous_3)
FN:60,(anonymous_4)
FN:66,(anonymous_5)
FN:71,(anonymous_6)
FN:77,(anonymous_7)
FN:83,(anonymous_8)
FN:258,reducer
FN:269,(anonymous_10)
FN:269,(anonymous_11)
FN:276,(anonymous_12)
FN:276,(anonymous_13)
FN:307,(anonymous_14)
FN:320,(anonymous_15)
FN:320,(anonymous_16)
FN:345,(anonymous_17)
FN:352,(anonymous_18)
FN:352,(anonymous_19)
FN:370,(anonymous_20)
FN:376,(anonymous_21)
FN:376,(anonymous_22)
FN:402,(anonymous_23)
FN:409,(anonymous_24)
FN:416,(anonymous_25)
FN:419,(anonymous_26)
FN:426,(anonymous_27)
FN:429,(anonymous_28)
FN:471,(anonymous_29)
FN:487,(anonymous_30)
FN:494,(anonymous_31)
FN:504,(anonymous_32)
FNF:33
FNH:30
FNDA:2,(anonymous_0)
FNDA:1,(anonymous_1)
FNDA:1,(anonymous_2)
FNDA:2,(anonymous_3)
FNDA:1,(anonymous_4)
FNDA:2,(anonymous_5)
FNDA:1,(anonymous_6)
FNDA:1,(anonymous_7)
FNDA:0,(anonymous_8)
FNDA:14,reducer
FNDA:2,(anonymous_10)
FNDA:6,(anonymous_11)
FNDA:2,(anonymous_12)
FNDA:6,(anonymous_13)
FNDA:6,(anonymous_14)
FNDA:2,(anonymous_15)
FNDA:20,(anonymous_16)
FNDA:3,(anonymous_17)
FNDA:1,(anonymous_18)
FNDA:7,(anonymous_19)
FNDA:7,(anonymous_20)
FNDA:1,(anonymous_21)
FNDA:7,(anonymous_22)
FNDA:1,(anonymous_23)
FNDA:1,(anonymous_24)
FNDA:10,(anonymous_25)
FNDA:0,(anonymous_26)
FNDA:0,(anonymous_27)
FNDA:6,(anonymous_28)
FNDA:3,(anonymous_29)
FNDA:1,(anonymous_30)
FNDA:4,(anonymous_31)
FNDA:1,(anonymous_32)
DA:13,9
DA:14,9
DA:15,9
DA:16,9
DA:17,9
DA:18,9
DA:19,9
DA:20,9
DA:21,9
DA:26,9
DA:30,2
DA:37,9
DA:41,1
DA:48,9
DA:53,9
DA:60,9
DA:66,9
DA:71,9
DA:77,9
DA:83,9
DA:91,9
DA:259,14
DA:264,4
DA:265,4
DA:266,2
DA:269,6
DA:273,2
DA:276,6
DA:284,0
DA:285,0
DA:286,0
DA:289,0
DA:290,0
DA:291,0
DA:293,0
DA:296,0
DA:304,2
DA:305,2
DA:307,6
DA:310,2
DA:311,2
DA:318,2
DA:320,20
DA:327,1
DA:343,1
DA:345,3
DA:346,1
DA:347,1
DA:352,7
DA:368,1
DA:370,7
DA:371,1
DA:376,7
DA:387,1
DA:391,1
DA:395,1
DA:402,9
DA:409,9
DA:416,10
DA:419,9
DA:426,0
DA:429,9
DA:430,6
DA:432,1
DA:438,1
DA:444,1
DA:450,1
DA:456,1
DA:463,1
DA:471,9
DA:472,3
DA:473,3
DA:474,3
DA:475,3
DA:477,3
DA:478,3
DA:480,3
DA:487,9
DA:488,1
DA:489,1
DA:490,1
DA:491,1
DA:494,9
DA:495,4
DA:496,3
DA:497,1
DA:499,2
DA:501,1
DA:504,9
LF:89
LH:80
BRDA:28,0,0,1
BRDA:29,1,0,1
BRDA:53,2,0,1
BRDA:66,3,0,1
BRDA:258,4,0,1
BRDA:259,5,0,4
BRDA:259,5,1,0
BRDA:259,5,2,2
BRDA:259,5,3,2
BRDA:259,5,4,1
BRDA:259,5,5,1
BRDA:259,5,6,1
BRDA:259,5,7,1
BRDA:259,5,8,1
BRDA:259,5,9,1
BRDA:265,6,0,2
BRDA:265,6,1,2
BRDA:289,7,0,0
BRDA:289,7,1,0
BRDA:290,8,0,0
BRDA:290,8,1,0
BRDA:429,9,0,1
BRDA:430,10,0,1
BRDA:430,10,1,1
BRDA:430,10,2,1
BRDA:430,10,3,1
BRDA:430,10,4,1
BRDA:430,10,5,1
BRDA:477,11,0,3
BRDA:477,11,1,0
BRDA:494,12,0,1
BRDA:494,13,0,2
BRDA:495,14,0,3
BRDA:495,14,1,1
BRDA:496,15,0,1
BRDA:496,15,1,2
BRDA:496,16,0,3
BRDA:496,16,1,2
BRDA:496,16,2,2
BRDA:496,16,3,2
BRF:40
BRH:34
end_of_record
TN:
SF:/Users/jclements/Sites/gc-microapp-reporting/src/store/ducks/languageProvider.js
FN:11,change
FN:28,languageProviderReducer
FNF:2
FNH:2
FNDA:1,change
FNDA:1,languageProviderReducer
DA:6,1
DA:12,1
DA:21,1
DA:29,1
DA:31,1
DA:34,0
LF:6
LH:5
BRDA:28,0,0,0
BRDA:29,1,0,1
BRDA:29,1,1,0
BRF:3
BRH:1
end_of_record
TN:
SF:/Users/jclements/Sites/gc-microapp-reporting/src/store/ducks/notification.js
FN:18,(anonymous_0)
FN:26,(anonymous_1)
FN:30,(anonymous_2)
FN:45,reducer
FNF:4
FNH:4
FNDA:2,(anonymous_0)
FNDA:1,(anonymous_1)
FNDA:1,(anonymous_2)
FNDA:5,reducer
DA:6,2
DA:7,2
DA:8,2
DA:18,2
DA:21,2
DA:26,2
DA:30,2
DA:34,2
DA:46,5
DA:48,1
DA:51,1
DA:54,1
DA:58,2
LF:13
LH:13
BRDA:18,0,0,1
BRDA:45,1,0,1
BRDA:46,2,0,1
BRDA:46,2,1,1
BRDA:46,2,2,1
BRDA:46,2,3,2
BRF:6
BRH:6
end_of_record
TN:
SF:/Users/jclements/Sites/gc-microapp-reporting/src/store/ducks/print.js
FN:9,(anonymous_0)
FN:21,reducer
FNF:2
FNH:2
FNDA:2,(anonymous_0)
FNDA:4,reducer
DA:7,5
DA:9,5
DA:14,5
DA:22,4
DA:24,2
DA:25,1
DA:28,1
DA:32,2
LF:8
LH:8
BRDA:21,0,0,1
BRDA:22,1,0,2
BRDA:22,1,1,2
BRDA:24,2,0,1
BRDA:24,2,1,1
BRF:5
BRH:5
end_of_record
TN:
SF:/Users/jclements/Sites/gc-microapp-reporting/src/store/ducks/reservations.js
FN:39,(anonymous_0)
FN:44,(anonymous_1)
FN:50,(anonymous_2)
FN:55,(anonymous_3)
FN:60,(anonymous_4)
FN:66,(anonymous_5)
FN:75,(anonymous_6)
FN:84,(anonymous_7)
FN:87,(anonymous_8)
FN:121,(anonymous_9)
FN:121,(anonymous_10)
FN:125,(anonymous_11)
FN:162,(anonymous_12)
FN:165,(anonymous_13)
FN:166,(anonymous_14)
FN:179,(anonymous_15)
FN:179,(anonymous_16)
FN:189,(anonymous_17)
FN:190,(anonymous_18)
FN:229,reducer
FN:294,(anonymous_20)
FNF:21
FNH:1
FNDA:0,(anonymous_0)
FNDA:0,(anonymous_1)
FNDA:0,(anonymous_2)
FNDA:0,(anonymous_3)
FNDA:0,(anonymous_4)
FNDA:0,(anonymous_5)
FNDA:0,(anonymous_6)
FNDA:0,(anonymous_7)
FNDA:0,(anonymous_8)
FNDA:19,(anonymous_9)
FNDA:0,(anonymous_10)
FNDA:0,(anonymous_11)
FNDA:0,(anonymous_12)
FNDA:0,(anonymous_13)
FNDA:0,(anonymous_14)
FNDA:0,(anonymous_15)
FNDA:0,(anonymous_16)
FNDA:0,(anonymous_17)
FNDA:0,(anonymous_18)
FNDA:0,reducer
FNDA:0,(anonymous_20)
DA:19,8
DA:29,8
DA:30,8
DA:31,8
DA:32,8
DA:33,8
DA:34,8
DA:39,8
DA:44,8
DA:50,8
DA:55,8
DA:60,8
DA:66,8
DA:75,8
DA:77,0
DA:78,0
DA:79,0
DA:81,0
DA:84,8
DA:85,0
DA:86,0
DA:87,0
DA:88,0
DA:90,0
DA:93,0
DA:96,0
DA:99,0
DA:102,0
DA:105,0
DA:108,0
DA:110,0
DA:113,0
DA:115,0
DA:121,19
DA:123,0
DA:127,0
DA:128,0
DA:129,0
DA:136,0
DA:146,0
DA:147,0
DA:157,0
DA:164,0
DA:165,0
DA:166,0
DA:170,0
DA:177,8
DA:179,0
DA:187,8
DA:189,0
DA:191,0
DA:192,0
DA:194,0
DA:203,8
DA:230,0
DA:234,0
DA:240,0
DA:241,0
DA:242,0
DA:243,0
DA:244,0
DA:246,0
DA:259,0
DA:265,0
DA:271,0
DA:272,0
DA:281,0
DA:287,0
DA:294,8
LF:69
LH:20
BRDA:39,0,0,0
BRDA:44,1,0,0
BRDA:55,2,0,0
BRDA:60,3,0,0
BRDA:78,4,0,0
BRDA:78,4,1,0
BRDA:78,5,0,0
BRDA:78,5,1,0
BRDA:86,6,0,0
BRDA:86,6,1,0
BRDA:88,7,0,0
BRDA:88,7,1,0
BRDA:88,7,2,0
BRDA:88,7,3,0
BRDA:88,7,4,0
BRDA:88,7,5,0
BRDA:88,7,6,0
BRDA:88,7,7,0
BRDA:121,8,0,8
BRDA:121,9,0,16
BRDA:146,10,0,0
BRDA:146,10,1,0
BRDA:146,11,0,0
BRDA:146,11,1,0
BRDA:191,12,0,0
BRDA:191,12,1,0
BRDA:229,13,0,0
BRDA:230,14,0,0
BRDA:230,14,1,0
BRDA:230,14,2,0
BRDA:230,14,3,0
BRDA:230,14,4,0
BRDA:230,14,5,0
BRDA:230,14,6,0
BRDA:242,15,0,0
BRDA:242,15,1,0
BRDA:243,16,0,0
BRDA:243,16,1,0
BRF:38
BRH:2
end_of_record
TN:
SF:/Users/jclements/Sites/gc-microapp-reporting/src/store/ducks/reservationsSummary.js
FN:20,(anonymous_0)
FN:25,(anonymous_1)
FN:30,(anonymous_2)
FN:40,(anonymous_3)
FN:41,(anonymous_4)
FN:42,(anonymous_5)
FN:56,reducer
FNF:7
FNH:0
FNDA:0,(anonymous_0)
FNDA:0,(anonymous_1)
FNDA:0,(anonymous_2)
FNDA:0,(anonymous_3)
FNDA:0,(anonymous_4)
FNDA:0,(anonymous_5)
FNDA:0,reducer
DA:12,3
DA:13,3
DA:14,3
DA:20,3
DA:25,3
DA:30,3
DA:38,3
DA:40,0
DA:41,0
DA:42,0
DA:47,3
DA:57,0
DA:59,0
DA:63,0
DA:69,0
DA:73,0
LF:16
LH:8
BRDA:20,0,0,0
BRDA:56,1,0,0
BRDA:57,2,0,0
BRDA:57,2,1,0
BRDA:57,2,2,0
BRDA:57,2,3,0
BRF:6
BRH:0
end_of_record
TN:
SF:/Users/jclements/Sites/gc-microapp-reporting/src/store/ducks/search.js
FN:16,(anonymous_0)
FN:20,(anonymous_1)
FN:25,reducer
FN:40,(anonymous_3)
FNF:4
FNH:4
FNDA:1,(anonymous_0)
FNDA:3,(anonymous_1)
FNDA:4,reducer
FNDA:1,(anonymous_3)
DA:3,4
DA:10,4
DA:11,4
DA:16,4
DA:20,4
DA:26,4
DA:28,1
DA:32,1
DA:36,2
DA:40,4
DA:41,1
DA:42,1
LF:12
LH:12
BRDA:20,0,0,1
BRDA:25,1,0,1
BRDA:26,2,0,1
BRDA:26,2,1,1
BRDA:26,2,2,2
BRF:5
BRH:5
end_of_record
TN:
SF:/Users/jclements/Sites/gc-microapp-reporting/src/store/ducks/subscriptions.js
FN:40,(anonymous_0)
FN:44,(anonymous_1)
FN:49,(anonymous_2)
FN:54,(anonymous_3)
FN:59,(anonymous_4)
FN:64,(anonymous_5)
FN:76,(anonymous_6)
FN:78,(anonymous_7)
FN:85,(anonymous_8)
FN:86,(anonymous_9)
FN:87,(anonymous_10)
FN:89,(anonymous_11)
FN:91,(anonymous_12)
FN:101,(anonymous_13)
FN:102,(anonymous_14)
FN:109,(anonymous_15)
FN:128,reducer
FNF:17
FNH:0
FNDA:0,(anonymous_0)
FNDA:0,(anonymous_1)
FNDA:0,(anonymous_2)
FNDA:0,(anonymous_3)
FNDA:0,(anonymous_4)
FNDA:0,(anonymous_5)
FNDA:0,(anonymous_6)
FNDA:0,(anonymous_7)
FNDA:0,(anonymous_8)
FNDA:0,(anonymous_9)
FNDA:0,(anonymous_10)
FNDA:0,(anonymous_11)
FNDA:0,(anonymous_12)
FNDA:0,(anonymous_13)
FNDA:0,(anonymous_14)
FNDA:0,(anonymous_15)
FNDA:0,reducer
DA:14,1
DA:19,1
DA:28,1
DA:29,1
DA:30,1
DA:31,1
DA:32,1
DA:33,1
DA:40,1
DA:44,1
DA:49,1
DA:54,1
DA:59,1
DA:64,1
DA:73,1
DA:74,1
DA:76,1
DA:77,0
DA:79,0
DA:80,0
DA:85,0
DA:86,0
DA:87,0
DA:89,1
DA:90,0
DA:92,0
DA:93,0
DA:94,0
DA:96,0
DA:101,0
DA:102,0
DA:110,0
DA:114,0
DA:118,1
DA:129,0
DA:131,0
DA:135,0
DA:140,0
DA:144,0
DA:148,0
DA:153,0
DA:157,0
LF:42
LH:19
BRDA:93,0,0,0
BRDA:93,0,1,0
BRDA:128,1,0,0
BRDA:129,2,0,0
BRDA:129,2,1,0
BRDA:129,2,2,0
BRDA:129,2,3,0
BRDA:129,2,4,0
BRDA:129,2,5,0
BRDA:129,2,6,0
BRF:10
BRH:0
end_of_record
TN:
SF:/Users/jclements/Sites/gc-microapp-reporting/src/store/reducers/routeReducer.js
FN:25,routeReducer
FNF:1
FNH:1
FNDA:1,routeReducer
DA:18,1
DA:26,1
DA:33,0
LF:3
LH:2
BRDA:25,0,0,0
BRDA:26,1,0,0
BRF:2
BRH:0
end_of_record
TN:
SF:/Users/jclements/Sites/gc-microapp-reporting/src/utils/api.js
FN:19,(anonymous_0)
FN:24,(anonymous_1)
FNF:2
FNH:2
FNDA:2,(anonymous_0)
FNDA:2,(anonymous_1)
DA:19,1
DA:20,2
DA:21,1
DA:24,1
DA:25,2
DA:27,1
LF:6
LH:6
BRDA:20,0,0,1
BRDA:20,0,1,1
BRDA:20,1,0,2
BRDA:20,1,1,1
BRDA:25,2,0,1
BRDA:25,2,1,1
BRF:6
BRH:6
end_of_record
TN:
SF:/Users/jclements/Sites/gc-microapp-reporting/src/utils/constants.js
FNF:0
FNH:0
DA:2,7
DA:3,7
DA:4,7
DA:5,7
DA:6,7
DA:7,7
DA:8,7
DA:10,7
DA:11,7
DA:12,7
DA:13,7
DA:14,7
DA:15,7
DA:16,7
DA:17,7
DA:18,7
DA:19,7
DA:20,7
DA:21,7
DA:22,7
DA:23,7
DA:24,7
DA:25,7
DA:27,7
DA:28,7
DA:29,7
DA:30,7
DA:33,7
DA:34,7
DA:37,7
DA:38,7
DA:39,7
DA:40,7
DA:41,7
DA:42,7
DA:43,7
DA:44,7
DA:45,7
DA:46,7
DA:47,7
DA:48,7
LF:41
LH:41
BRF:0
BRH:0
end_of_record
TN:
SF:/Users/jclements/Sites/gc-microapp-reporting/src/utils/dimensionWrapper.js
FN:12,getViewBoxFromFunctionBody
FN:16,dimensionWrapper
FN:21,(anonymous_2)
FN:41,(anonymous_3)
FN:52,wrappedIcon
FNF:5
FNH:2
FNDA:38,getViewBoxFromFunctionBody
FNDA:36,dimensionWrapper
FNDA:0,(anonymous_2)
FNDA:0,(anonymous_3)
FNDA:0,wrappedIcon
DA:13,38
DA:17,36
DA:18,36
DA:19,36
DA:21,36
DA:22,0
DA:24,0
DA:25,0
DA:31,0
DA:32,0
DA:38,0
DA:41,36
DA:42,0
DA:44,0
DA:47,36
DA:53,0
DA:55,0
DA:64,36
LF:18
LH:8
BRDA:22,0,0,0
BRDA:22,0,1,0
BRDA:22,1,0,0
BRDA:22,1,1,0
BRDA:24,2,0,0
BRDA:24,2,1,0
BRDA:31,3,0,0
BRDA:31,3,1,0
BRF:8
BRH:0
end_of_record
TN:
SF:/Users/jclements/Sites/gc-microapp-reporting/src/utils/functional-helpers.js
FN:1,compose
FNF:1
FNH:0
FNDA:0,compose
DA:1,0
LF:1
LH:0
BRF:0
BRH:0
end_of_record
TN:
SF:/Users/jclements/Sites/gc-microapp-reporting/src/utils/mapping.js
FN:22,mapSubscriptions
FN:45,mapColor
FN:68,mapIntlText
FNF:3
FNH:3
FNDA:1,mapSubscriptions
FNDA:13,mapColor
FNDA:12,mapIntlText
DA:23,1
DA:24,1
DA:27,1
DA:34,0
DA:41,0
DA:46,13
DA:47,13
DA:50,1
DA:51,1
DA:52,1
DA:53,1
DA:54,1
DA:55,1
DA:56,1
DA:57,1
DA:58,1
DA:59,1
DA:60,1
DA:61,1
DA:64,1
DA:69,12
DA:70,12
DA:101,1
DA:102,1
DA:103,1
DA:104,1
DA:105,1
DA:106,1
DA:107,1
DA:108,1
DA:109,1
DA:110,1
DA:111,1
DA:112,1
DA:115,0
LF:35
LH:32
BRDA:23,0,0,1
BRDA:23,0,1,0
BRDA:24,1,0,1
BRDA:24,1,1,0
BRDA:24,1,2,0
BRDA:46,2,0,13
BRDA:46,2,1,0
BRDA:47,3,0,1
BRDA:47,3,1,1
BRDA:47,3,2,1
BRDA:47,3,3,1
BRDA:47,3,4,1
BRDA:47,3,5,1
BRDA:47,3,6,1
BRDA:47,3,7,1
BRDA:47,3,8,1
BRDA:47,3,9,1
BRDA:47,3,10,1
BRDA:47,3,11,1
BRDA:47,3,12,1
BRDA:69,4,0,12
BRDA:69,4,1,0
BRDA:70,5,0,1
BRDA:70,5,1,1
BRDA:70,5,2,1
BRDA:70,5,3,1
BRDA:70,5,4,1
BRDA:70,5,5,1
BRDA:70,5,6,1
BRDA:70,5,7,1
BRDA:70,5,8,1
BRDA:70,5,9,1
BRDA:70,5,10,1
BRDA:70,5,11,1
BRDA:70,5,12,0
BRF:35
BRH:29
end_of_record
TN:
SF:/Users/jclements/Sites/gc-microapp-reporting/src/utils/reducer-helpers.js
FN:1,(anonymous_0)
FN:1,_defineProperty
FN:18,transformArrayToObject
FNF:3
FNH:0
FNDA:0,(anonymous_0)
FNDA:0,_defineProperty
FNDA:0,transformArrayToObject
DA:1,0
DA:18,0
LF:2
LH:0
BRDA:1,0,0,0
BRDA:1,0,1,0
BRDA:1,1,0,0
BRDA:1,1,1,0
BRDA:1,2,0,0
BRDA:1,2,1,0
BRF:6
BRH:0
end_of_record
TN:
SF:/Users/jclements/Sites/gc-microapp-reporting/src/utils/type-checks.js
FN:20,isEnum
FN:20,(anonymous_1)
FN:20,isISO
FN:20,isDateString
FNF:4
FNH:0
FNDA:0,isEnum
FNDA:0,(anonymous_1)
FNDA:0,isISO
FNDA:0,isDateString
DA:1,0
DA:20,0
DA:21,0
LF:3
LH:0
BRF:0
BRH:0
end_of_record
TN:
SF:/Users/jclements/Sites/gc-microapp-reporting/src/utils/util-helpers.js
FN:8,sanitiseEscapeString
FNF:1
FNH:1
FNDA:1,sanitiseEscapeString
DA:10,1
LF:1
LH:1
BRF:0
BRH:0
end_of_record
